[0626/170120.362:WARNING:spdy_session.cc(3365)] Received HEADERS for invalid stream 13
[0626/170237.866:ERROR:audio_rtp_receiver.cc(89)] AudioRtpReceiver::OnSetVolume: No audio channel exists.
[0626/170237.866:WARNING:used_ids.h(55)] Duplicate id found. Reassigning from 104 to 127
[0626/170237.867:WARNING:used_ids.h(55)] Duplicate id found. Reassigning from 102 to 125
[0626/170237.867:WARNING:used_ids.h(55)] Duplicate id found. Reassigning from 104 to 124
[0626/170237.867:WARNING:used_ids.h(55)] Duplicate id found. Reassigning from 106 to 123
[0626/170237.867:WARNING:used_ids.h(55)] Duplicate id found. Reassigning from 103 to 122
[0626/170237.867:WARNING:used_ids.h(55)] Duplicate id found. Reassigning from 105 to 121
[0626/170237.867:WARNING:used_ids.h(55)] Duplicate id found. Reassigning from 109 to 120
[0626/170237.867:WARNING:used_ids.h(55)] Duplicate id found. Reassigning from 1 to 14
[0626/170237.867:WARNING:used_ids.h(55)] Duplicate id found. Reassigning from 3 to 13
[0626/170237.867:WARNING:used_ids.h(55)] Duplicate id found. Reassigning from 5 to 12
[0626/170237.867:WARNING:used_ids.h(55)] Duplicate id found. Reassigning from 6 to 11
[0626/170248.815:ERROR:audio_rtp_receiver.cc(89)] AudioRtpReceiver::OnSetVolume: No audio channel exists.
[0626/170248.816:WARNING:used_ids.h(55)] Duplicate id found. Reassigning from 104 to 127
[0626/170248.816:WARNING:used_ids.h(55)] Duplicate id found. Reassigning from 102 to 125
[0626/170248.816:WARNING:used_ids.h(55)] Duplicate id found. Reassigning from 104 to 124
[0626/170248.816:WARNING:used_ids.h(55)] Duplicate id found. Reassigning from 106 to 123
[0626/170248.816:WARNING:used_ids.h(55)] Duplicate id found. Reassigning from 103 to 122
[0626/170248.816:WARNING:used_ids.h(55)] Duplicate id found. Reassigning from 105 to 121
[0626/170248.816:WARNING:used_ids.h(55)] Duplicate id found. Reassigning from 109 to 120
[0626/170248.816:WARNING:used_ids.h(55)] Duplicate id found. Reassigning from 1 to 14
[0626/170248.816:WARNING:used_ids.h(55)] Duplicate id found. Reassigning from 3 to 13
[0626/170248.816:WARNING:used_ids.h(55)] Duplicate id found. Reassigning from 5 to 12
[0626/170248.816:WARNING:used_ids.h(55)] Duplicate id found. Reassigning from 6 to 11
[0626/170253.187:ERROR:batching_media_log.cc(38)] MediaEvent: {"error":"FFmpegDemuxer: no supported streams"}
[0626/170253.187:ERROR:batching_media_log.cc(38)] MediaEvent: {"error":"FFmpegDemuxer: no supported streams"}
[0626/170253.188:ERROR:batching_media_log.cc(35)] MediaEvent: {"pipeline_error":14}
[0626/170253.188:ERROR:batching_media_log.cc(35)] MediaEvent: {"pipeline_error":14}
[0626/170253.214:WARNING:spdy_session.cc(3365)] Received HEADERS for invalid stream 165
