  Using bundled DotNet SDK
  Log file: C:\Users\webma\AppData\Local\UnrealBuildTool\Log.txt
  Creating makefile for CalculatorEditor (no existing makefile)
  Parsing headers for CalculatorEditor
    Running UnrealHeaderTool "D:\tech\studyingMaterials\UE\EPAM\UE_Training_E\HW_Calculator\Calculator.uproject" "D:\tech\studyingMaterials\UE\EPAM\UE_Training_E\HW_Calculator\Intermediate\Build\Win64\CalculatorEditor\Development\CalculatorEditor.uhtmanifest" -LogCmds="loginit warning, logexit warning, logdatabase error" -Unattended -WarningsAsErrors -abslog="C:\Users\webma\AppData\Local\UnrealBuildTool\Log_UHT.txt" -installed
  Reflection code generated for CalculatorEditor in 20.0214986 seconds
  Building CalculatorEditor...
  Using Visual Studio 2022 14.32.31329 toolchain (C:\Program Files\Microsoft Visual Studio\2022\Community\VC\Tools\MSVC\14.32.31326) and Windows 10.0.19041.0 SDK (C:\Program Files (x86)\Windows Kits\10).
  [Adaptive Build] Excluded from Calculator unity file: CalculatorScript.cpp, Calculator.cpp, CalculatorGameModeBase.cpp
  Determining max actions to execute in parallel (6 physical cores, 12 logical cores)
    Executing up to 6 processes, one per physical core
    Requested 1.5 GB free memory per action, 5.58 GB available: limiting max parallel actions to 3
  Building 11 actions with 3 processes...
  [1/11] Resource Default.rc2
  [2/11] Compile SharedPCH.Engine.ShadowErrors.cpp
  [3/11] Compile Calculator.init.gen.cpp
  [4/11] Compile CalculatorGameModeBase.gen.cpp
  [5/11] Compile CalculatorGameModeBase.cpp
  [6/11] Compile Calculator.cpp
  [7/11] Compile CalculatorScript.gen.cpp
  [8/11] Compile CalculatorScript.cpp
  [9/11] Link UnrealEditor-Calculator.lib
     Creating library D:\tech\studyingMaterials\UE\EPAM\UE_Training_E\HW_Calculator\Intermediate\Build\Win64\UnrealEditor\Development\Calculator\UnrealEditor-Calculator.lib and object D:\tech\studyingMaterials\UE\EPAM\UE_Training_E\HW_Calculator\Intermediate\Build\Win64\UnrealEditor\Development\Calculator\UnrealEditor-Calculator.exp
  [10/11] Link UnrealEditor-Calculator.dll
     Creating library D:\tech\studyingMaterials\UE\EPAM\UE_Training_E\HW_Calculator\Intermediate\Build\Win64\UnrealEditor\Development\Calculator\UnrealEditor-Calculator.suppressed.lib and object D:\tech\studyingMaterials\UE\EPAM\UE_Training_E\HW_Calculator\Intermediate\Build\Win64\UnrealEditor\Development\Calculator\UnrealEditor-Calculator.suppressed.exp
  [11/11] WriteMetadata CalculatorEditor.target
  Total time in Parallel executor: 46.37 seconds
  Total execution time: 73.90 seconds
